<?xml version="1.0" encoding="UTF-8"?>
<testng-results ignored="0" total="1" passed="1" failed="0" skipped="0">
  <reporter-output>
  </reporter-output>
  <suite started-at="2025-05-05T13:31:01 IST" name="LoginTestSuite" finished-at="2025-05-05T13:31:07 IST" duration-ms="5729">
    <groups>
    </groups>
    <test started-at="2025-05-05T13:31:01 IST" name="logintest" finished-at="2025-05-05T13:31:07 IST" duration-ms="5729">
      <class name="com.forkandfeast.tests.logintest">
        <test-method signature="testLogin()[pri:0, instance:com.forkandfeast.tests.logintest@7a69b07]" started-at="2025-05-05T13:31:01 IST" name="testLogin" finished-at="2025-05-05T13:31:07 IST" duration-ms="5684" status="PASS">
          <reporter-output>
          </reporter-output>
        </test-method> <!-- testLogin -->
      </class> <!-- com.forkandfeast.tests.logintest -->
    </test> <!-- logintest -->
  </suite> <!-- LoginTestSuite -->
</testng-results>
